
[error occurred during error reporting (), id 0x7, SIGBUS (0x7) at pc=0x000072282a5d6310]
#
# A fatal error has been detected by the Java Runtime Environment:
#
#  SIGBUS (0x7) at pc=0x000072282b86b409, pid=19021, tid=19159
#
# JRE version: OpenJDK Runtime Environment (24.0.1) (build 24.0.1)
# Java VM: OpenJDK 64-Bit Server VM (24.0.1, mixed mode, sharing, tiered, compressed oops, compressed class ptrs, g1 gc, linux-amd64)
# Problematic frame:
# C  0x00007227f37f5a20
#
# Core dump will be written. Default location: Core dumps may be processed with "/usr/lib/systemd/systemd-coredump %P %u %g %s %t %c %h" (or dumping to /run/media/thegodkiller/New Volume H/Big Project/WebD project/MERN Stack LMS/my-app/core.19021)
#

[error occurred during error reporting (printing bug submit message), id 0x7, SIGBUS (0x7) at pc=0x000072282a5d6310]

---------------  S U M M A R Y ------------


[error occurred during error reporting (printing VM option summary), id 0x7, SIGBUS (0x7) at pc=0x000072282a5d6840]
Host: Intel(R) Core(TM) i3-1005G1 CPU @ 1.20GHz, 4 cores, 7G, Garuda Linux Broadwing
Time: Wed May 21 16:17:43 2025 IST elapsed time: 3422.592129 seconds (0d 0h 57m 2s)

---------------  T H R E A D  ---------------

Current thread (0x0000722824aebbb0):  JavaThread "pool-2-thread-1"        [_thread_in_native, id=19159, stack(0x00007227f36f8000,0x00007227f37f8000) (1024K)]

Stack: [0x00007227f36f8000,0x00007227f37f8000],  sp=0x00007227f37f4358,  free space=1008k
Native frames: (J=compiled Java code, j=interpreted, Vv=VM code, C=native code)
C  0x00007227f37f5a20
j  java.io.FileInputStream.readBytes([BII)I+0 java.base@24.0.1
j  java.io.FileInputStream.read([BII)I+24 java.base@24.0.1
j  java.lang.System$In.read([BII)I+9 java.base@24.0.1
j  java.io.BufferedInputStream.fill()V+185 java.base@24.0.1
J 3811 c1 java.io.BufferedInputStream.read()I java.base@24.0.1 (49 bytes) @ 0x000072280ca5d674 [0x000072280ca5d560+0x0000000000000114]
j  org.eclipse.lsp4j.jsonrpc.json.StreamMessageProducer.listen(Lorg/eclipse/lsp4j/jsonrpc/MessageConsumer;)V+54
j  org.eclipse.lsp4j.jsonrpc.json.ConcurrentMessageProcessor.run()V+12
j  java.util.concurrent.Executors$RunnableAdapter.call()Ljava/lang/Object;+4 java.base@24.0.1
j  java.util.concurrent.FutureTask.run()V+39 java.base@24.0.1
j  java.util.concurrent.ThreadPoolExecutor.runWorker(Ljava/util/concurrent/ThreadPoolExecutor$Worker;)V+92 java.base@24.0.1
j  java.util.concurrent.ThreadPoolExecutor$Worker.run()V+5 java.base@24.0.1
j  java.lang.Thread.runWith(Ljava/lang/Object;Ljava/lang/Runnable;)V+5 java.base@24.0.1
j  java.lang.Thread.run()V+19 java.base@24.0.1
v  ~StubRoutines::call_stub 0x0000722813937c86
V  [libjvm.so+0x587b80]
V  [libjvm.so+0x588782]
V  [libjvm.so+0x64741f]
V  [libjvm.so+0x59d9b5]
V  [libjvm.so+0x8784a6]
C  [libc.so.6+0x957eb]
Java frames: (J=compiled Java code, j=interpreted, Vv=VM code)
j  java.io.FileInputStream.readBytes([BII)I+0 java.base@24.0.1

[error occurred during error reporting (printing Java stack), id 0x7, SIGBUS (0x7) at pc=0x000072282a7a4e40]

siginfo: si_signo: 7 (SIGBUS), si_code: 2 (BUS_ADRERR), si_addr: 0x000072282b86b409

Registers:
RAX=0x0000000000000000, RBX=0x0000000000002000, RCX=0x0000000000002000, RDX=0x0000000000000000
RSP=0x00007227f37f4350, RBP=0x00007227f37f63a0, RSI=0x0000000000000000, RDI=0x0000000000000000
R8 =0x0000000000000000, R9 =0x0000000000000000, R10=0x0000000000000000, R11=0x00007227f37f76c0
R12=0x00007227f37f4370, R13=0x0000000000000000, R14=0x0000722824aebf78, R15=0x0000000000002000
RIP=0x000072282b86b409, EFLAGS=0x0000000000010207, CSGSFS=0x002b000000000033, ERR=0x0000000000000014
  TRAPNO=0x000000000000000e

XMM[0]=0x0000000000000000 0x000072278803e560
XMM[1]=0x000072278803e550 0x0000722824a91c80
XMM[2]=0x0000000000000000 0x0000722813a62a79
XMM[3]=0x0000000000000000 0x0000722824a91cc0
XMM[4]=0x0000000000000000 0x0000000000000001
XMM[5]=0x0000000000000000 0x00007227f37f51e0
XMM[6]=0x0000000000000000 0x0000722813955e60
XMM[7]=0x0000000000000000 0x000072280c7ed81c
XMM[8]=0x0000000000000000 0x0000000000000000
XMM[9]=0x0000000000000000 0x0000000000000005
XMM[10]=0x0000000000000000 0x0000000000000002
XMM[11]=0x0000000000000000 0xffffffffffffffff
XMM[12]=0x0000000000000000 0x0000000000000001
XMM[13]=0x0000000000000000 0x00000000876ddfd0
XMM[14]=0x0000000000000000 0x000000008c678548
XMM[15]=0x0000000000000000 0x0000000000000000
  MXCSR=0x00001fa2


Register to memory mapping:

RAX=0x0 is null
RBX=0x0000000000002000 is an unknown value
RCX=0x0000000000002000 is an unknown value
RDX=0x0 is null
RSP=0x00007227f37f4350 is pointing into the stack for thread: 0x0000722824aebbb0
RBP=0x00007227f37f63a0 is pointing into the stack for thread: 0x0000722824aebbb0
RSI=0x0 is null
RDI=0x0 is null
R8 =0x0 is null
R9 =0x0 is null
R10=0x0 is null
R11=0x00007227f37f76c0 is pointing into the stack for thread: 0x0000722824aebbb0
R12=0x00007227f37f4370 is pointing into the stack for thread: 0x0000722824aebbb0
R13=0x0 is null
R14=0x0000722824aebf78 points into unknown readable memory: 0x000072282b4c6720 | 20 67 4c 2b 28 72 00 00
R15=0x0000000000002000 is an unknown value

Top of Stack: (sp=0x00007227f37f4350)
0x00007227f37f4350:   00007227f37f5a20 000000000c55c7f1    Z..'r....U.....
0x00007227f37f4360:   00007227f37f6448 00007227f37f4370   Hd..'r..pC..'r..
0x00007227f37f4370:   0000000000000000 000000008e398bc0   ..........9.....
0x00007227f37f4380:   00007227f37f5a20 0000000000000000    Z..'r..........
0x00007227f37f4390:   00007227b21e0ef0 0000722824aebbb0   ....'r.....$(r..
0x00007227f37f43a0:   0000722813a5ba88 000072282a694bb4   ....(r...Ki*(r..
0x00007227f37f43b0:   00007227f37f5140 00007227f37f5144   @Q..'r..DQ..'r..
0x00007227f37f43c0:   00007227f37f5110 00007227f37f45d0   .Q..'r...E..'r..
0x00007227f37f43d0:   00007227f37f45d0 00007227f37f4610   .E..'r...F..'r..
0x00007227f37f43e0:   00007227f37f45d0 0000722824aebbb0   .E..'r.....$(r..
0x00007227f37f43f0:   00007227f37f44b0 000072282a776e04   .D..'r...nw*(r..
0x00007227f37f4400:   00007227f37f5a90 000072281393f2ba   .Z..'r......(r..
0x00007227f37f4410:   000072281393ea08 0000000000000000   ....(r..........
0x00007227f37f4420:   0000000000000000 00007227f37f5b00   .........[..'r..
0x00007227f37f4430:   00007227f37f5a90 0000000000000000   .Z..'r..........
0x00007227f37f4440:   0000000000000000 0000000000000000   ................
0x00007227f37f4450:   0000000000000000 0000000000000001   ................
0x00007227f37f4460:   0000722824aebbb0 0000000000000000   ...$(r..........
0x00007227f37f4470:   00010101ffffffff 0000000000000000   ................
0x00007227f37f4480:   0000000000000000 0000000000000002   ................
0x00007227f37f4490:   00007227f37f45d0 0000722824aebbb0   .E..'r.....$(r..
0x00007227f37f44a0:   00007227f37f5a20 0000722824aebbb0    Z..'r.....$(r..
0x00007227f37f44b0:   00007227f37f59e0 000072282aa44dbe   .Y..'r...M.*(r..
0x00007227f37f44c0:   00007227f37f5130 00007227f37f5134   0Q..'r..4Q..'r..
0x00007227f37f44d0:   0000000000000000 0000000000000000   ................
0x00007227f37f44e0:   0000000000000000 0000000000000000   ................
0x00007227f37f44f0:   0000000000000000 0000000000000000   ................
0x00007227f37f4500:   0000000000000000 0000000000000000   ................
0x00007227f37f4510:   0000000000000000 0000000000000000   ................
0x00007227f37f4520:   0000000000000000 0000000000000000   ................
0x00007227f37f4530:   00007227f37f5170 00007227f37f5174   pQ..'r..tQ..'r..
0x00007227f37f4540:   00007227f37f5140 00007227f37f5144   @Q..'r..DQ..'r..

Instructions: (pc=0x00007227f37f5a20)
  0x00007227f37f5920:   b0 44 7f f3 27 72 00 00 04 6e 77 2a 28 72 00 00
  0x00007227f37f5930:   90 5a 7f f3 27 72 00 00 ba f2 93 13 28 72 00 00
  0x00007227f37f5940:   08 ea 93 13 28 72 00 00 00 00 00 00 00 00 00 00
  0x00007227f37f5950:   00 00 00 00 00 00 00 00 00 5b 7f f3 27 72 00 00
  0x00007227f37f5960:   90 5a 7f f3 27 72 00 00 00 00 00 00 00 00 00 00
  0x00007227f37f5970:   00 00 00 00 00 00 00 00 00 00 00 00 00 00 00 00
  0x00007227f37f5980:   00 00 00 00 00 00 00 00 ff fc ff ff 00 00 00 00
  0x00007227f37f5990:   00 00 03 00 03 00 03 00 03 00 03 00 03 00 03 00
  0x00007227f37f59a0:   03 00 03 00 03 00 03 00 03 00 03 00 03 00 03 00
  0x00007227f37f59b0:   03 00 03 00 03 00 03 00 03 00 03 00 03 00 03 00
  0x00007227f37f59c0:   03 00 03 00 03 00 03 00 03 00 03 00 03 00 03 00
  0x00007227f37f59d0:   03 00 00 00 00 00 00 00 01 bb ae 24 28 72 00 00
  0x00007227f37f59e0:   b0 bb ae 24 28 72 00 00 00 00 00 00 00 00 00 00
  0x00007227f37f59f0:   ff ff ff ff 01 01 01 00 01 00 00 00 0c 00 00 00
  0x00007227f37f5a00:   00 00 00 00 00 00 00 00 10 fb 16 b2 27 72 00 00
  0x00007227f37f5a10:   0c 00 00 00 00 00 00 00 00 00 00 00 00 00 00 00
=>0x00007227f37f5a20:   01 a5 c6 87 00 00 00 00 00 00 00 00 00 00 00 00
  0x00007227f37f5a30:   98 5a 7f f3 27 72 00 00 70 fe d9 a0 27 72 00 00
  0x00007227f37f5a40:   80 5a 7f f3 27 72 00 00 70 fe d9 a0 27 72 00 00
  0x00007227f37f5a50:   b0 bb ae 24 28 72 00 00 80 5a 7f f3 27 72 00 00
  0x00007227f37f5a60:   b0 5a 7f f3 27 72 00 00 fd aa d4 2a 28 72 00 00
  0x00007227f37f5a70:   38 f3 46 b2 27 72 00 00 b0 bb ae 24 28 72 00 00
  0x00007227f37f5a80:   38 f3 46 b2 27 72 00 00 b0 bb ae 24 28 72 00 00
  0x00007227f37f5a90:   70 fe d9 a0 27 72 00 00 00 00 00 00 00 00 00 00
  0x00007227f37f5aa0:   60 66 7f f3 27 72 00 00 00 00 00 00 00 00 00 00
  0x00007227f37f5ab0:   d0 65 7f f3 27 72 00 00 c9 58 98 13 28 72 00 00
  0x00007227f37f5ac0:   7f 03 00 00 00 00 00 00 00 00 00 00 00 00 00 00
  0x00007227f37f5ad0:   00 00 00 00 00 00 00 00 a2 1f 00 00 ff ff 00 00
  0x00007227f37f5ae0:   00 00 00 00 00 00 00 00 00 00 00 00 00 00 00 00
  0x00007227f37f5af0:   00 00 00 00 00 00 00 00 00 00 00 00 00 00 00 00
  0x00007227f37f5b00:   00 00 00 00 00 00 00 00 00 00 00 00 00 00 00 00
  0x00007227f37f5b10:   00 00 00 00 00 00 00 00 00 00 00 00 00 00 00 00


Stack slot to memory mapping:

stack at sp + 0 slots: 0x000000000c55c7f1 is an unknown value
stack at sp + 1 slots: 0x00007227f37f6448 is pointing into the stack for thread: 0x0000722824aebbb0
stack at sp + 2 slots: 0x00007227f37f4370 is pointing into the stack for thread: 0x0000722824aebbb0
stack at sp + 3 slots: 0x0 is null
stack at sp + 4 slots: 0x000000008e398bc0 is an oop: java.lang.invoke.MethodType 
{0x000000008e398bc0} - klass: 'java/lang/invoke/MethodType' - flags: 

 - ---- fields (total size 5 words):
 - private final 'rtype' 'Ljava/lang/Class;' @12  a 'java/lang/Class'{0x00000000fff03450} = void (0xfff03450)
 - private final 'ptypes' '[Ljava/lang/Class;' @16  a 'java/lang/Class'[2] {0x000000008e398ba8} (0x8e398ba8)
 - private 'form' 'Ljava/lang/invoke/MethodTypeForm;' @20  null (0x00000000)
 - private 'wrapAlt' 'Ljava/lang/Object;' @24  null (0x00000000)
 - private 'invokers' 'Ljava/lang/invoke/Invokers;' @28  null (0x00000000)
 - private 'methodDescriptor' 'Ljava/lang/String;' @32  null (0x00000000)
 - signature: (Ljava/lang/Object;Ljava/lang/Object;)V
stack at sp + 5 slots: 0x00007227f37f5a20 is pointing into the stack for thread: 0x0000722824aebbb0
stack at sp + 6 slots: 0x0 is null
stack at sp + 7 slots: {method} {0x00007227b21e0ef0} 'equals' '(Ljava/lang/Object;)Z' in 'java/lang/invoke/MethodType'

Lock stack of current Java thread (top to bottom):
LockStack[0]: java.io.BufferedInputStream 
{0x0000000087883110} - klass: 'java/io/BufferedInputStream' - flags: 

 - ---- fields (total size 5 words):
 - protected volatile 'in' 'Ljava/io/InputStream;' @12  a 'java/lang/System$In'{0x0000000087883138} (0x87883138)
 - private final 'initialSize' 'I' @16  8192 (0x00002000)
 - protected 'count' 'I' @20  0 (0x00000000)
 - protected 'pos' 'I' @24  0 (0x00000000)
 - protected 'markpos' 'I' @28  -1 (0xffffffff)
 - protected 'marklimit' 'I' @32  0 (0x00000000)
 - protected volatile 'buf' '[B' @36  [B{0x000000008e902748} (0x8e902748)


[error occurred during error reporting (printing code blobs if possible), id 0x7, SIGBUS (0x7) at pc=0x000072282b8c52a8]

---------------  P R O C E S S  ---------------

Threads class SMR info:
_java_thread_list=0x00007227680043d0, length=12, elements={
0x0000722824137340, 0x0000722824138900, 0x000072282413a150, 0x000072282413b870,
0x000072282413cef0, 0x000072282413eaf0, 0x00007228241402e0, 0x000072282415c0f0,
0x000072282415e8a0, 0x00007228241b7fd0, 0x0000722824aebbb0, 0x0000722824017e60
}

Java Threads: ( => current thread )
  0x0000722824137340 
[error occurred during error reporting (printing all threads), id 0x7, SIGBUS (0x7) at pc=0x000072282a5b96a4]
VM state: not at safepoint (normal execution)

VM Mutex/Monitor currently owned by a thread: None

Heap address: 0x0000000087600000, size: 1930 MB, Compressed Oops mode: 32-bit

CDS archive(s) mapped at: [0x00007227b2000000-0x00007227b2d17000-0x00007227b2d17000), size 13725696, SharedBaseAddress: 0x00007227b2000000, ArchiveRelocationMode: 1.
Compressed class space mapped at: 0x00007227b3000000-0x00007227f3000000, reserved size: 1073741824
UseCompressedClassPointers 1, UseCompactObjectHeaders 0
Narrow klass pointer bits 32, Max shift 3
Narrow klass base: 0x00007227b2000000, Narrow klass shift: 0
Encoding Range: [0x00007227b2000000 - 0x00007228b2000000), (4294967296 bytes)
Klass Range:    [0x00007227b2000000 - 0x00007227f3000000), (1090519040 bytes)
Klass ID Range:  [8 - 1090519033) (1090519025)

GC Precious Log:
 CardTable entry size: 512
 Card Set container configuration: InlinePtr #cards 5 size 8 Array Of Cards #cards 10 size 36 Howl #buckets 4 coarsen threshold 1843 Howl Bitmap #cards 512 size 80 coarsen threshold 460 Card regions per heap region 1 cards per card region 2048
 CPUs: 4 total, 4 available
 Memory: 7718M
 Large Page Support: Disabled
 NUMA Support: Disabled
 Compressed Oops: Enabled (32-bit)
 Heap Region Size: 1M
 Heap Min Capacity: 8M
 Heap Initial Capacity: 122M
 Heap Max Capacity: 1930M
 Pre-touch: Disabled
 Parallel Workers: 4
 Concurrent Workers: 1
 Concurrent Refinement Workers: 4
 Periodic GC: Disabled

Heap:
 garbage-first heap   total reserved 1976320K, committed 126976K, used 36435K [0x0000000087600000, 0x0000000100000000)
  region size 1024K, 19 young (19456K), 6 survivors (6144K)
 Metaspace       used 19278K, committed 19712K, reserved 1114112K
  class space    used 1865K, committed 2048K, reserved 1048576K

Heap Regions: E=young(eden), S=young(survivor), O=old, HS=humongous(starts), HC=humongous(continues), CS=collection set, F=free, TAMS=top-at-mark-start, PB=parsable bottom
|   0|0x0000000087600000, 0x0000000087700000, 0x0000000087700000|100%| O|  |TAMS 0x0000000087600000| PB 0x0000000087600000| Untracked |  0
|   1|0x0000000087700000, 0x0000000087800000, 0x0000000087800000|100%| O|  |TAMS 0x0000000087700000| PB 0x0000000087700000| Untracked |  0
|   2|0x0000000087800000, 0x0000000087900000, 0x0000000087900000|100%| O|  |TAMS 0x0000000087800000| PB 0x0000000087800000| Untracked |  0
|   3|0x0000000087900000, 0x0000000087a00000, 0x0000000087a00000|100%| O|  |TAMS 0x0000000087900000| PB 0x0000000087900000| Untracked |  0
|   4|0x0000000087a00000, 0x0000000087b00000, 0x0000000087b00000|100%| O|  |TAMS 0x0000000087a00000| PB 0x0000000087a00000| Untracked |  0
|   5|0x0000000087b00000, 0x0000000087c00000, 0x0000000087c00000|100%| O|  |TAMS 0x0000000087b00000| PB 0x0000000087b00000| Untracked |  0
|   6|0x0000000087c00000, 0x0000000087d00000, 0x0000000087d00000|100%| O|  |TAMS 0x0000000087c00000| PB 0x0000000087c00000| Untracked |  0
|   7|0x0000000087d00000, 0x0000000087e00000, 0x0000000087e00000|100%| O|  |TAMS 0x0000000087d00000| PB 0x0000000087d00000| Untracked |  0
|   8|0x0000000087e00000, 0x0000000087f00000, 0x0000000087f00000|100%| O|  |TAMS 0x0000000087e00000| PB 0x0000000087e00000| Untracked |  0
|   9|0x0000000087f00000, 0x0000000088000000, 0x0000000088000000|100%| O|  |TAMS 0x0000000087f00000| PB 0x0000000087f00000| Untracked |  0
|  10|0x0000000088000000, 0x0000000088100000, 0x0000000088100000|100%| O|  |TAMS 0x0000000088000000| PB 0x0000000088000000| Untracked |  0
|  11|0x0000000088100000, 0x0000000088200000, 0x0000000088200000|100%| O|  |TAMS 0x0000000088100000| PB 0x0000000088100000| Untracked |  0
|  12|0x0000000088200000, 0x0000000088300000, 0x0000000088300000|100%| O|  |TAMS 0x0000000088200000| PB 0x0000000088200000| Untracked |  0
|  13|0x0000000088300000, 0x0000000088400000, 0x0000000088400000|100%| O|  |TAMS 0x0000000088300000| PB 0x0000000088300000| Untracked |  0
|  14|0x0000000088400000, 0x0000000088500000, 0x0000000088500000|100%| O|  |TAMS 0x0000000088400000| PB 0x0000000088400000| Untracked |  0
|  15|0x0000000088500000, 0x0000000088600000, 0x0000000088600000|100%| O|  |TAMS 0x0000000088500000| PB 0x0000000088500000| Untracked |  0
|  16|0x0000000088600000, 0x0000000088680000, 0x0000000088700000| 50%| O|  |TAMS 0x0000000088600000| PB 0x0000000088600000| Untracked |  0
|  17|0x0000000088700000, 0x0000000088700000, 0x0000000088800000|  0%| F|  |TAMS 0x0000000088700000| PB 0x0000000088700000| Untracked |  0
|  18|0x0000000088800000, 0x0000000088800000, 0x0000000088900000|  0%| F|  |TAMS 0x0000000088800000| PB 0x0000000088800000| Untracked |  0
|  19|0x0000000088900000, 0x0000000088900000, 0x0000000088a00000|  0%| F|  |TAMS 0x0000000088900000| PB 0x0000000088900000| Untracked |  0
|  20|0x0000000088a00000, 0x0000000088a00000, 0x0000000088b00000|  0%| F|  |TAMS 0x0000000088a00000| PB 0x0000000088a00000| Untracked |  0
|  21|0x0000000088b00000, 0x0000000088b00000, 0x0000000088c00000|  0%| F|  |TAMS 0x0000000088b00000| PB 0x0000000088b00000| Untracked |  0
|  22|0x0000000088c00000, 0x0000000088c00000, 0x0000000088d00000|  0%| F|  |TAMS 0x0000000088c00000| PB 0x0000000088c00000| Untracked |  0
|  23|0x0000000088d00000, 0x0000000088d00000, 0x0000000088e00000|  0%| F|  |TAMS 0x0000000088d00000| PB 0x0000000088d00000| Untracked |  0
|  24|0x0000000088e00000, 0x0000000088e00000, 0x0000000088f00000|  0%| F|  |TAMS 0x0000000088e00000| PB 0x0000000088e00000| Untracked |  0
|  25|0x0000000088f00000, 0x0000000088f00000, 0x0000000089000000|  0%| F|  |TAMS 0x0000000088f00000| PB 0x0000000088f00000| Untracked |  0
|  26|0x0000000089000000, 0x0000000089000000, 0x0000000089100000|  0%| F|  |TAMS 0x0000000089000000| PB 0x0000000089000000| Untracked |  0
|  27|0x0000000089100000, 0x0000000089100000, 0x0000000089200000|  0%| F|  |TAMS 0x0000000089100000| PB 0x0000000089100000| Untracked |  0
|  28|0x0000000089200000, 0x0000000089200000, 0x0000000089300000|  0%| F|  |TAMS 0x0000000089200000| PB 0x0000000089200000| Untracked |  0
|  29|0x0000000089300000, 0x0000000089300000, 0x0000000089400000|  0%| F|  |TAMS 0x0000000089300000| PB 0x0000000089300000| Untracked |  0
|  30|0x0000000089400000, 0x0000000089400000, 0x0000000089500000|  0%| F|  |TAMS 0x0000000089400000| PB 0x0000000089400000| Untracked |  0
|  31|0x0000000089500000, 0x0000000089500000, 0x0000000089600000|  0%| F|  |TAMS 0x0000000089500000| PB 0x0000000089500000| Untracked |  0
|  32|0x0000000089600000, 0x0000000089600000, 0x0000000089700000|  0%| F|  |TAMS 0x0000000089600000| PB 0x0000000089600000| Untracked |  0
|  33|0x0000000089700000, 0x0000000089700000, 0x0000000089800000|  0%| F|  |TAMS 0x0000000089700000| PB 0x0000000089700000| Untracked |  0
|  34|0x0000000089800000, 0x0000000089800000, 0x0000000089900000|  0%| F|  |TAMS 0x0000000089800000| PB 0x0000000089800000| Untracked |  0
|  35|0x0000000089900000, 0x0000000089900000, 0x0000000089a00000|  0%| F|  |TAMS 0x0000000089900000| PB 0x0000000089900000| Untracked |  0
|  36|0x0000000089a00000, 0x0000000089a00000, 0x0000000089b00000|  0%| F|  |TAMS 0x0000000089a00000| PB 0x0000000089a00000| Untracked |  0
|  37|0x0000000089b00000, 0x0000000089b00000, 0x0000000089c00000|  0%| F|  |TAMS 0x0000000089b00000| PB 0x0000000089b00000| Untracked |  0
|  38|0x0000000089c00000, 0x0000000089c00000, 0x0000000089d00000|  0%| F|  |TAMS 0x0000000089c00000| PB 0x0000000089c00000| Untracked |  0
|  39|0x0000000089d00000, 0x0000000089d00000, 0x0000000089e00000|  0%| F|  |TAMS 0x0000000089d00000| PB 0x0000000089d00000| Untracked |  0
|  40|0x0000000089e00000, 0x0000000089e00000, 0x0000000089f00000|  0%| F|  |TAMS 0x0000000089e00000| PB 0x0000000089e00000| Untracked |  0
|  41|0x0000000089f00000, 0x0000000089f00000, 0x000000008a000000|  0%| F|  |TAMS 0x0000000089f00000| PB 0x0000000089f00000| Untracked |  0
|  42|0x000000008a000000, 0x000000008a000000, 0x000000008a100000|  0%| F|  |TAMS 0x000000008a000000| PB 0x000000008a000000| Untracked |  0
|  43|0x000000008a100000, 0x000000008a100000, 0x000000008a200000|  0%| F|  |TAMS 0x000000008a100000| PB 0x000000008a100000| Untracked |  0
|  44|0x000000008a200000, 0x000000008a200000, 0x000000008a300000|  0%| F|  |TAMS 0x000000008a200000| PB 0x000000008a200000| Untracked |  0
|  45|0x000000008a300000, 0x000000008a300000, 0x000000008a400000|  0%| F|  |TAMS 0x000000008a300000| PB 0x000000008a300000| Untracked |  0
|  46|0x000000008a400000, 0x000000008a400000, 0x000000008a500000|  0%| F|  |TAMS 0x000000008a400000| PB 0x000000008a400000| Untracked |  0
|  47|0x000000008a500000, 0x000000008a500000, 0x000000008a600000|  0%| F|  |TAMS 0x000000008a500000| PB 0x000000008a500000| Untracked |  0
|  48|0x000000008a600000, 0x000000008a6fb850, 0x000000008a700000| 98%| S|CS|TAMS 0x000000008a600000| PB 0x000000008a600000| Complete |  0
|  49|0x000000008a700000, 0x000000008a800000, 0x000000008a800000|100%| S|CS|TAMS 0x000000008a700000| PB 0x000000008a700000| Complete |  0
|  50|0x000000008a800000, 0x000000008a900000, 0x000000008a900000|100%| S|CS|TAMS 0x000000008a800000| PB 0x000000008a800000| Complete |  0
|  51|0x000000008a900000, 0x000000008aa00000, 0x000000008aa00000|100%| S|CS|TAMS 0x000000008a900000| PB 0x000000008a900000| Complete |  0
|  52|0x000000008aa00000, 0x000000008ab00000, 0x000000008ab00000|100%| S|CS|TAMS 0x000000008aa00000| PB 0x000000008aa00000| Complete |  0
|  53|0x000000008ab00000, 0x000000008ac00000, 0x000000008ac00000|100%| S|CS|TAMS 0x000000008ab00000| PB 0x000000008ab00000| Complete |  0
|  54|0x000000008ac00000, 0x000000008ac00000, 0x000000008ad00000|  0%| F|  |TAMS 0x000000008ac00000| PB 0x000000008ac00000| Untracked |  0
|  55|0x000000008ad00000, 0x000000008ad00000, 0x000000008ae00000|  0%| F|  |TAMS 0x000000008ad00000| PB 0x000000008ad00000| Untracked |  0
|  56|0x000000008ae00000, 0x000000008ae00000, 0x000000008af00000|  0%| F|  |TAMS 0x000000008ae00000| PB 0x000000008ae00000| Untracked |  0
|  57|0x000000008af00000, 0x000000008af00000, 0x000000008b000000|  0%| F|  |TAMS 0x000000008af00000| PB 0x000000008af00000| Untracked |  0
|  58|0x000000008b000000, 0x000000008b000000, 0x000000008b100000|  0%| F|  |TAMS 0x000000008b000000| PB 0x000000008b000000| Untracked |  0
|  59|0x000000008b100000, 0x000000008b100000, 0x000000008b200000|  0%| F|  |TAMS 0x000000008b100000| PB 0x000000008b100000| Untracked |  0
|  60|0x000000008b200000, 0x000000008b200000, 0x000000008b300000|  0%| F|  |TAMS 0x000000008b200000| PB 0x000000008b200000| Untracked |  0
|  61|0x000000008b300000, 0x000000008b300000, 0x000000008b400000|  0%| F|  |TAMS 0x000000008b300000| PB 0x000000008b300000| Untracked |  0
|  62|0x000000008b400000, 0x000000008b400000, 0x000000008b500000|  0%| F|  |TAMS 0x000000008b400000| PB 0x000000008b400000| Untracked |  0
|  63|0x000000008b500000, 0x000000008b500000, 0x000000008b600000|  0%| F|  |TAMS 0x000000008b500000| PB 0x000000008b500000| Untracked |  0
|  64|0x000000008b600000, 0x000000008b600000, 0x000000008b700000|  0%| F|  |TAMS 0x000000008b600000| PB 0x000000008b600000| Untracked |  0
|  65|0x000000008b700000, 0x000000008b700000, 0x000000008b800000|  0%| F|  |TAMS 0x000000008b700000| PB 0x000000008b700000| Untracked |  0
|  66|0x000000008b800000, 0x000000008b800000, 0x000000008b900000|  0%| F|  |TAMS 0x000000008b800000| PB 0x000000008b800000| Untracked |  0
|  67|0x000000008b900000, 0x000000008b900000, 0x000000008ba00000|  0%| F|  |TAMS 0x000000008b900000| PB 0x000000008b900000| Untracked |  0
|  68|0x000000008ba00000, 0x000000008ba00000, 0x000000008bb00000|  0%| F|  |TAMS 0x000000008ba00000| PB 0x000000008ba00000| Untracked |  0
|  69|0x000000008bb00000, 0x000000008bb00000, 0x000000008bc00000|  0%| F|  |TAMS 0x000000008bb00000| PB 0x000000008bb00000| Untracked |  0
|  70|0x000000008bc00000, 0x000000008bc00000, 0x000000008bd00000|  0%| F|  |TAMS 0x000000008bc00000| PB 0x000000008bc00000| Untracked |  0
|  71|0x000000008bd00000, 0x000000008bd00000, 0x000000008be00000|  0%| F|  |TAMS 0x000000008bd00000| PB 0x000000008bd00000| Untracked |  0
|  72|0x000000008be00000, 0x000000008be00000, 0x000000008bf00000|  0%| F|  |TAMS 0x000000008be00000| PB 0x000000008be00000| Untracked |  0
|  73|0x000000008bf00000, 0x000000008bf00000, 0x000000008c000000|  0%| F|  |TAMS 0x000000008bf00000| PB 0x000000008bf00000| Untracked |  0
|  74|0x000000008c000000, 0x000000008c000000, 0x000000008c100000|  0%| F|  |TAMS 0x000000008c000000| PB 0x000000008c000000| Untracked |  0
|  75|0x000000008c100000, 0x000000008c100000, 0x000000008c200000|  0%| F|  |TAMS 0x000000008c100000| PB 0x000000008c100000| Untracked |  0
|  76|0x000000008c200000, 0x000000008c200000, 0x000000008c300000|  0%| F|  |TAMS 0x000000008c200000| PB 0x000000008c200000| Untracked |  0
|  77|0x000000008c300000, 0x000000008c300000, 0x000000008c400000|  0%| F|  |TAMS 0x000000008c300000| PB 0x000000008c300000| Untracked |  0
|  78|0x000000008c400000, 0x000000008c400000, 0x000000008c500000|  0%| F|  |TAMS 0x000000008c400000| PB 0x000000008c400000| Untracked |  0
|  79|0x000000008c500000, 0x000000008c500000, 0x000000008c600000|  0%| F|  |TAMS 0x000000008c500000| PB 0x000000008c500000| Untracked |  0
|  80|0x000000008c600000, 0x000000008c600000, 0x000000008c700000|  0%| F|  |TAMS 0x000000008c600000| PB 0x000000008c600000| Untracked |  0
|  81|0x000000008c700000, 0x000000008c700000, 0x000000008c800000|  0%| F|  |TAMS 0x000000008c700000| PB 0x000000008c700000| Untracked |  0
|  82|0x000000008c800000, 0x000000008c800000, 0x000000008c900000|  0%| F|  |TAMS 0x000000008c800000| PB 0x000000008c800000| Untracked |  0
|  83|0x000000008c900000, 0x000000008c900000, 0x000000008ca00000|  0%| F|  |TAMS 0x000000008c900000| PB 0x000000008c900000| Untracked |  0
|  84|0x000000008ca00000, 0x000000008ca00000, 0x000000008cb00000|  0%| F|  |TAMS 0x000000008ca00000| PB 0x000000008ca00000| Untracked |  0
|  85|0x000000008cb00000, 0x000000008cb00000, 0x000000008cc00000|  0%| F|  |TAMS 0x000000008cb00000| PB 0x000000008cb00000| Untracked |  0
|  86|0x000000008cc00000, 0x000000008cc00000, 0x000000008cd00000|  0%| F|  |TAMS 0x000000008cc00000| PB 0x000000008cc00000| Untracked |  0
|  87|0x000000008cd00000, 0x000000008cd00000, 0x000000008ce00000|  0%| F|  |TAMS 0x000000008cd00000| PB 0x000000008cd00000| Untracked |  0
|  88|0x000000008ce00000, 0x000000008ce00000, 0x000000008cf00000|  0%| F|  |TAMS 0x000000008ce00000| PB 0x000000008ce00000| Untracked |  0
|  89|0x000000008cf00000, 0x000000008cf00000, 0x000000008d000000|  0%| F|  |TAMS 0x000000008cf00000| PB 0x000000008cf00000| Untracked |  0
|  90|0x000000008d000000, 0x000000008d000000, 0x000000008d100000|  0%| F|  |TAMS 0x000000008d000000| PB 0x000000008d000000| Untracked |  0
|  91|0x000000008d100000, 0x000000008d100000, 0x000000008d200000|  0%| F|  |TAMS 0x000000008d100000| PB 0x000000008d100000| Untracked |  0
|  92|0x000000008d200000, 0x000000008d200000, 0x000000008d300000|  0%| F|  |TAMS 0x000000008d200000| PB 0x000000008d200000| Untracked |  0
|  93|0x000000008d300000, 0x000000008d300000, 0x000000008d400000|  0%| F|  |TAMS 0x000000008d300000| PB 0x000000008d300000| Untracked |  0
|  94|0x000000008d400000, 0x000000008d400000, 0x000000008d500000|  0%| F|  |TAMS 0x000000008d400000| PB 0x000000008d400000| Untracked |  0
|  95|0x000000008d500000, 0x000000008d500000, 0x000000008d600000|  0%| F|  |TAMS 0x000000008d500000| PB 0x000000008d500000| Untracked |  0
|  96|0x000000008d600000, 0x000000008d600000, 0x000000008d700000|  0%| F|  |TAMS 0x000000008d600000| PB 0x000000008d600000| Untracked |  0
|  97|0x000000008d700000, 0x000000008d700000, 0x000000008d800000|  0%| F|  |TAMS 0x000000008d700000| PB 0x000000008d700000| Untracked |  0
|  98|0x000000008d800000, 0x000000008d800000, 0x000000008d900000|  0%| F|  |TAMS 0x000000008d800000| PB 0x000000008d800000| Untracked |  0
|  99|0x000000008d900000, 0x000000008d900000, 0x000000008da00000|  0%| F|  |TAMS 0x000000008d900000| PB 0x000000008d900000| Untracked |  0
| 100|0x000000008da00000, 0x000000008da00000, 0x000000008db00000|  0%| F|  |TAMS 0x000000008da00000| PB 0x000000008da00000| Untracked |  0
| 101|0x000000008db00000, 0x000000008db00000, 0x000000008dc00000|  0%| F|  |TAMS 0x000000008db00000| PB 0x000000008db00000| Untracked |  0
| 102|0x000000008dc00000, 0x000000008dc00000, 0x000000008dd00000|  0%| F|  |TAMS 0x000000008dc00000| PB 0x000000008dc00000| Untracked |  0
| 103|0x000000008dd00000, 0x000000008dd00000, 0x000000008de00000|  0%| F|  |TAMS 0x000000008dd00000| PB 0x000000008dd00000| Untracked |  0
| 104|0x000000008de00000, 0x000000008de00000, 0x000000008df00000|  0%| F|  |TAMS 0x000000008de00000| PB 0x000000008de00000| Untracked |  0
| 105|0x000000008df00000, 0x000000008df00000, 0x000000008e000000|  0%| F|  |TAMS 0x000000008df00000| PB 0x000000008df00000| Untracked |  0
| 106|0x000000008e000000, 0x000000008e000000, 0x000000008e100000|  0%| F|  |TAMS 0x000000008e000000| PB 0x000000008e000000| Untracked |  0
| 107|0x000000008e100000, 0x000000008e100000, 0x000000008e200000|  0%| F|  |TAMS 0x000000008e100000| PB 0x000000008e100000| Untracked |  0
| 108|0x000000008e200000, 0x000000008e200000, 0x000000008e300000|  0%| F|  |TAMS 0x000000008e200000| PB 0x000000008e200000| Untracked |  0
| 109|0x000000008e300000, 0x000000008e3e8f98, 0x000000008e400000| 91%| E|  |TAMS 0x000000008e300000| PB 0x000000008e300000| Complete |  0
| 110|0x000000008e400000, 0x000000008e500000, 0x000000008e500000|100%| E|CS|TAMS 0x000000008e400000| PB 0x000000008e400000| Complete |  0
| 111|0x000000008e500000, 0x000000008e600000, 0x000000008e600000|100%| E|CS|TAMS 0x000000008e500000| PB 0x000000008e500000| Complete |  0
| 112|0x000000008e600000, 0x000000008e700000, 0x000000008e700000|100%| E|CS|TAMS 0x000000008e600000| PB 0x000000008e600000| Complete |  0
| 113|0x000000008e700000, 0x000000008e800000, 0x000000008e800000|100%| E|CS|TAMS 0x000000008e700000| PB 0x000000008e700000| Complete |  0
| 114|0x000000008e800000, 0x000000008e900000, 0x000000008e900000|100%| E|CS|TAMS 0x000000008e800000| PB 0x000000008e800000| Complete |  0
| 115|0x000000008e900000, 0x000000008ea00000, 0x000000008ea00000|100%| E|CS|TAMS 0x000000008e900000| PB 0x000000008e900000| Complete |  0
| 116|0x000000008ea00000, 0x000000008eb00000, 0x000000008eb00000|100%| E|CS|TAMS 0x000000008ea00000| PB 0x000000008ea00000| Complete |  0
| 117|0x000000008eb00000, 0x000000008ec00000, 0x000000008ec00000|100%| E|CS|TAMS 0x000000008eb00000| PB 0x000000008eb00000| Complete |  0
| 118|0x000000008ec00000, 0x000000008ed00000, 0x000000008ed00000|100%| E|CS|TAMS 0x000000008ec00000| PB 0x000000008ec00000| Complete |  0
| 119|0x000000008ed00000, 0x000000008ee00000, 0x000000008ee00000|100%| E|CS|TAMS 0x000000008ed00000| PB 0x000000008ed00000| Complete |  0
| 120|0x000000008ee00000, 0x000000008ef00000, 0x000000008ef00000|100%| E|CS|TAMS 0x000000008ee00000| PB 0x000000008ee00000| Complete |  0
| 121|0x000000008ef00000, 0x000000008f000000, 0x000000008f000000|100%| E|CS|TAMS 0x000000008ef00000| PB 0x000000008ef00000| Complete |  0
|1928|0x00000000ffe00000, 0x00000000fff00000, 0x00000000fff00000|100%| O|  |TAMS 0x00000000ffe00000| PB 0x00000000ffe00000| Untracked |  0
|1929|0x00000000fff00000, 0x00000000fff19508, 0x0000000100000000|  9%| O|  |TAMS 0x00000000fff00000| PB 0x00000000fff00000| Untracked |  0

Card table byte_map: [0x000072282919c000,0x0000722829561000] _byte_map_base: 0x0000722828d61000

Marking Bits: (CMBitMap*) 0x00007228240700f0
 Bits: [0x000072280a5d8000, 0x000072280c400000)

Polling page: 0x000072282b87d000

Metaspace:

Usage:
  Non-class:     17.00 MB used.
      Class:      1.82 MB used.
       Both:     18.83 MB used.

Virtual space:
  Non-class space:       64.00 MB reserved,      17.25 MB ( 27%) committed,  1 nodes.
      Class space:        1.00 GB reserved,       2.00 MB ( <1%) committed,  1 nodes.
             Both:        1.06 GB reserved,      19.25 MB (  2%) committed. 

Chunk freelists:
   Non-Class:  14.47 MB
       Class:  14.04 MB
        Both:  28.51 MB

MaxMetaspaceSize: unlimited
CompressedClassSpaceSize: 1.00 GB
Initial GC threshold: 21.00 MB
Current GC threshold: 21.00 MB
CDS: on
 - commit_granule_bytes: 65536.
 - commit_granule_words: 8192.
 - virtual_space_node_default_size: 8388608.
 - enlarge_chunks_in_place: 1.
UseCompressedClassPointers 1, UseCompactObjectHeaders 0
Narrow klass pointer bits 32, Max shift 3
Narrow klass base: 0x00007227b2000000, Narrow klass shift: 0
Encoding Range: [0x00007227b2000000 - 0x00007228b2000000), (4294967296 bytes)
Klass Range:    [0x00007227b2000000 - 0x00007227f3000000), (1090519040 bytes)
Klass ID Range:  [8 - 1090519033) (1090519025)


Internal statistics:

num_allocs_failed_limit: 0.
num_arena_births: 410.
num_arena_deaths: 0.
num_vsnodes_births: 2.
num_vsnodes_deaths: 0.
num_space_committed: 308.
num_space_uncommitted: 0.
num_chunks_returned_to_freelist: 0.
num_chunks_taken_from_freelist: 1076.
num_chunk_merges: 0.
num_chunk_splits: 736.
num_chunks_enlarged: 523.
num_inconsistent_stats: 0.

CodeHeap 'non-profiled nmethods': size=120036Kb used=1650Kb max_used=1650Kb free=118385Kb
 bounds [0x0000722813ec7000, 0x0000722814137000, 0x000072281b400000]
CodeHeap 'profiled nmethods': size=120028Kb used=6524Kb max_used=6524Kb free=113503Kb
 bounds [0x000072280c400000, 0x000072280ca60000, 0x0000722813937000]
CodeHeap 'non-nmethods': size=5696Kb used=1620Kb max_used=1767Kb free=4075Kb
 bounds [0x0000722813937000, 0x0000722813ba7000, 0x0000722813ec7000]
CodeCache: size=245760Kb, used=9794Kb, max_used=9941Kb, free=235963Kb
 total_blobs=4381, nmethods=3801, adapters=486, full_count=0
Compilation: enabled, stopped_count=0, restarted_count=0


[error occurred during error reporting (printing ring buffers), id 0x7, SIGBUS (0x7) at pc=0x000072282a7697f0]
Dynamic libraries:
87600000-8f000000 rw-p 00000000 00:00 0 
8f000000-ffe00000 ---p 00000000 00:00 0 
ffe00000-fff1a000 rw-p 00d4a000 00:22 702932                             /usr/lib/jvm/java-24-openjdk/lib/server/classes.jsa
fff1a000-100000000 rw-p 00000000 00:00 0 
61f83730a000-61f83730b000 r--p 00000000 00:22 702658                     /usr/lib/jvm/java-24-openjdk/bin/java
61f83730b000-61f83730c000 r-xp 00001000 00:22 702658                     /usr/lib/jvm/java-24-openjdk/bin/java
61f83730c000-61f83730d000 r--p 00002000 00:22 702658                     /usr/lib/jvm/java-24-openjdk/bin/java
61f83730d000-61f83730e000 r--p 00002000 00:22 702658                     /usr/lib/jvm/java-24-openjdk/bin/java
61f83730e000-61f83730f000 rw-p 00003000 00:22 702658                     /usr/lib/jvm/java-24-openjdk/bin/java
61f86c633000-61f86c67b000 rw-p 00000000 00:00 0                          [heap]
722750000000-722750038000 rw-p 00000000 00:00 0 
722750038000-722754000000 ---p 00000000 00:00 0 
722754000000-722754021000 rw-p 00000000 00:00 0 
722754021000-722758000000 ---p 00000000 00:00 0 
722758000000-722758021000 rw-p 00000000 00:00 0 
722758021000-72275c000000 ---p 00000000 00:00 0 
72275c000000-72275c02d000 rw-p 00000000 00:00 0 
72275c02d000-722760000000 ---p 00000000 00:00 0 
722760000000-72276003d000 rw-p 00000000 00:00 0 
72276003d000-722764000000 ---p 00000000 00:00 0 
722764000000-72276408b000 rw-p 00000000 00:00 0 
72276408b000-722768000000 ---p 00000000 00:00 0 
722768000000-7227680a3000 rw-p 00000000 00:00 0 
7227680a3000-72276c000000 ---p 00000000 00:00 0 
72276c000000-72276c053000 rw-p 00000000 00:00 0 
72276c053000-722770000000 ---p 00000000 00:00 0 
722770000000-722770021000 rw-p 00000000 00:00 0 
722770021000-722774000000 ---p 00000000 00:00 0 
722774000000-722774021000 rw-p 00000000 00:00 0 
722774021000-722778000000 ---p 00000000 00:00 0 
722778000000-722778021000 rw-p 00000000 00:00 0 
722778021000-72277c000000 ---p 00000000 00:00 0 
72277c000000-72277c021000 rw-p 00000000 00:00 0 
72277c021000-722780000000 ---p 00000000 00:00 0 
722780000000-722780021000 rw-p 00000000 00:00 0 
722780021000-722784000000 ---p 00000000 00:00 0 
722784000000-722784021000 rw-p 00000000 00:00 0 
722784021000-722788000000 ---p 00000000 00:00 0 
722788000000-722789b87000 rw-p 00000000 00:00 0 
722789b87000-72278c000000 ---p 00000000 00:00 0 
72278c000000-72278c755000 rw-p 00000000 00:00 0 
72278c755000-722790000000 ---p 00000000 00:00 0 
722790000000-722790021000 rw-p 00000000 00:00 0 
722790021000-722794000000 ---p 00000000 00:00 0 
722794000000-722794021000 rw-p 00000000 00:00 0 
722794021000-722798000000 ---p 00000000 00:00 0 
722798000000-722798021000 rw-p 00000000 00:00 0 
722798021000-72279c000000 ---p 00000000 00:00 0 
72279c000000-72279c021000 rw-p 00000000 00:00 0 
72279c021000-7227a0000000 ---p 00000000 00:00 0 
7227a0000000-7227a0400000 rw-p 00000000 00:00 0 
7227a0400000-7227a0d00000 rw-p 00000000 00:00 0 
7227a0d00000-7227a0db0000 rw-p 00000000 00:00 0 
7227a0db0000-7227a0e00000 ---p 00000000 00:00 0 
7227a0e00000-7227a1190000 rw-p 00000000 00:00 0 
7227a1190000-7227a4000000 ---p 00000000 00:00 0 
7227a4000000-7227a4021000 rw-p 00000000 00:00 0 
7227a4021000-7227a8000000 ---p 00000000 00:00 0 
7227a8000000-7227a8021000 rw-p 00000000 00:00 0 
7227a8021000-7227ac000000 ---p 00000000 00:00 0 
7227ac000000-7227ac021000 rw-p 00000000 00:00 0 
7227ac021000-7227b0000000 ---p 00000000 00:00 0 
7227b2000000-7227b2d17000 rw-p 00001000 00:22 702932                     /usr/lib/jvm/java-24-openjdk/lib/server/classes.jsa
7227b2d17000-7227b3000000 ---p 00000000 00:00 0 
7227b3000000-7227b3040000 rw-p 00000000 00:00 0 
7227b3040000-7227b3080000 rw-p 00000000 00:00 0 
7227b3080000-7227b3100000 rw-p 00000000 00:00 0 
7227b3100000-7227b3200000 rw-p 00000000 00:00 0 
7227b3200000-7227f3000000 ---p 00000000 00:00 0 
7227f30f1000-7227f30f2000 ---p 00000000 00:00 0 
7227f30f2000-7227f30f6000 ---p 00000000 00:00 0 
7227f30f6000-7227f31f2000 rw-p 00000000 00:00 0 
7227f31f2000-7227f31f3000 ---p 00000000 00:00 0 
7227f31f3000-7227f31f7000 ---p 00000000 00:00 0 
7227f31f7000-7227f32f3000 rw-p 00000000 00:00 0 
7227f32f3000-7227f32f4000 ---p 00000000 00:00 0 
7227f32f4000-7227f32f8000 ---p 00000000 00:00 0 
7227f32f8000-7227f33f4000 rw-p 00000000 00:00 0 
7227f33f4000-7227f33f5000 ---p 00000000 00:00 0 
7227f33f5000-7227f33f9000 ---p 00000000 00:00 0 
7227f33f9000-7227f34f5000 rw-p 00000000 00:00 0 
7227f34f5000-7227f34f6000 ---p 00000000 00:00 0 
7227f34f6000-7227f34fa000 ---p 00000000 00:00 0 
7227f34fa000-7227f35f6000 rw-p 00000000 00:00 0 
7227f35f6000-7227f35f7000 ---p 00000000 00:00 0 
7227f35f7000-7227f35fb000 ---p 00000000 00:00 0 
7227f35fb000-7227f36f7000 rw-p 00000000 00:00 0 
7227f36f7000-7227f36f8000 ---p 00000000 00:00 0 
7227f36f8000-7227f36fc000 ---p 00000000 00:00 0 
7227f36fc000-7227f37f8000 rw-p 00000000 00:00 0 
7227f37f8000-7227f37f9000 ---p 00000000 00:00 0 
7227f37f9000-7227f37fd000 ---p 00000000 00:00 0 
7227f37fd000-7227f38f9000 rw-p 00000000 00:00 0 
7227f38f9000-7227f38fa000 ---p 00000000 00:00 0 
7227f38fa000-7227f39fa000 rw-p 00000000 00:00 0 
7227f39fa000-7227f39fb000 ---p 00000000 00:00 0 
7227f39fb000-7227f3afb000 rw-p 00000000 00:00 0 
7227f3afb000-7227f3afc000 ---p 00000000 00:00 0 
7227f3afc000-7227f3bfc000 rw-p 00000000 00:00 0 
7227f3bfc000-7227f3bfd000 ---p 00000000 00:00 0 
7227f3bfd000-7227f3c01000 ---p 00000000 00:00 0 
7227f3c01000-7227f3cfd000 rw-p 00000000 00:00 0 
7227f3cfd000-7227f3cfe000 ---p 00000000 00:00 0 
7227f3cfe000-7227f3d02000 ---p 00000000 00:00 0 
7227f3d02000-7227f3dfe000 rw-p 00000000 00:00 0 
7227f3dfe000-7227f3dff000 ---p 00000000 00:00 0 
7227f3dff000-7227f3e03000 ---p 00000000 00:00 0 
7227f3e03000-7227f3eff000 rw-p 00000000 00:00 0 
7227f3eff000-7227f3f00000 ---p 00000000 00:00 0 
7227f3f00000-7227f3f04000 ---p 00000000 00:00 0 
7227f3f04000-7227f4000000 rw-p 00000000 00:00 0 
7227f4000000-7227f4021000 rw-p 00000000 00:00 0 
7227f4021000-7227f8000000 ---p 00000000 00:00 0 
7227f8000000-7227f8021000 rw-p 00000000 00:00 0 
7227f8021000-7227fc000000 ---p 00000000 00:00 0 
7227fc000000-7227fc021000 rw-p 00000000 00:00 0 
7227fc021000-722800000000 ---p 00000000 00:00 0 
722800000000-722800021000 rw-p 00000000 00:00 0 
722800021000-722804000000 ---p 00000000 00:00 0 
722804000000-722804021000 rw-p 00000000 00:00 0 
722804021000-722808000000 ---p 00000000 00:00 0 
7228080fd000-7228080fe000 ---p 00000000 00:00 0 
7228080fe000-722808102000 ---p 00000000 00:00 0 
722808102000-7228081fe000 rw-p 00000000 00:00 0 
7228081fe000-7228081ff000 ---p 00000000 00:00 0 
7228081ff000-722808203000 ---p 00000000 00:00 0 
722808203000-7228082ff000 rw-p 00000000 00:00 0 
7228082ff000-722808300000 ---p 00000000 00:00 0 
722808300000-722808304000 ---p 00000000 00:00 0 
722808304000-722808400000 rw-p 00000000 00:00 0 
722808400000-72280a400000 rw-p 00000000 00:00 0 
72280a406000-72280a40b000 r--p 00000000 00:22 702907                     /usr/lib/jvm/java-24-openjdk/lib/libjsvml.so
72280a40b000-72280a44c000 r-xp 00005000 00:22 702907                     /usr/lib/jvm/java-24-openjdk/lib/libjsvml.so
72280a44c000-72280a4d5000 r--p 00046000 00:22 702907                     /usr/lib/jvm/java-24-openjdk/lib/libjsvml.so
72280a4d5000-72280a4d6000 r--p 000ce000 00:22 702907                     /usr/lib/jvm/java-24-openjdk/lib/libjsvml.so
72280a4d6000-72280a4d7000 rw-p 000cf000 00:22 702907                     /usr/lib/jvm/java-24-openjdk/lib/libjsvml.so
72280a4d7000-72280a4d8000 ---p 00000000 00:00 0 
72280a4d8000-72280a4dc000 ---p 00000000 00:00 0 
72280a4dc000-72280a5d8000 rw-p 00000000 00:00 0 
72280a5d8000-72280a7c0000 rw-p 00000000 00:00 0 
72280a7c0000-72280c3f8000 ---p 00000000 00:00 0 
72280c3f8000-72280c400000 rw-p 00000000 00:00 0 
72280c400000-72280ca60000 rwxp 00000000 00:00 0 
72280ca60000-722813937000 ---p 00000000 00:00 0 
722813937000-722813ba7000 rwxp 00000000 00:00 0 
722813ba7000-722813ec7000 ---p 00000000 00:00 0 
722813ec7000-722814137000 rwxp 00000000 00:00 0 
722814137000-72281b400000 ---p 00000000 00:00 0 
72281b400000-722823fb9000 r--s 00000000 00:22 702924                     /usr/lib/jvm/java-24-openjdk/lib/modules
722823fce000-722823fd1000 r--p 00000000 00:22 412098                     /usr/lib/libnss_resolve.so.2
722823fd1000-722823ff3000 r-xp 00003000 00:22 412098                     /usr/lib/libnss_resolve.so.2
722823ff3000-722823ffd000 r--p 00025000 00:22 412098                     /usr/lib/libnss_resolve.so.2
722823ffd000-722823fff000 r--p 0002e000 00:22 412098                     /usr/lib/libnss_resolve.so.2
722823fff000-722824000000 rw-p 00030000 00:22 412098                     /usr/lib/libnss_resolve.so.2
722824000000-722824af2000 rw-p 00000000 00:00 0 
722824af2000-722828000000 ---p 00000000 00:00 0 
72282801b000-72282801f000 r--p 00000000 00:22 412097                     /usr/lib/libnss_mymachines.so.2
72282801f000-72282805e000 r-xp 00004000 00:22 412097                     /usr/lib/libnss_mymachines.so.2
72282805e000-722828072000 r--p 00043000 00:22 412097                     /usr/lib/libnss_mymachines.so.2
722828072000-722828075000 r--p 00057000 00:22 412097                     /usr/lib/libnss_mymachines.so.2
722828075000-722828076000 rw-p 0005a000 00:22 412097                     /usr/lib/libnss_mymachines.so.2
722828076000-722828077000 rw-p 00000000 00:00 0 
7228280bd000-7228280be000 r--p 00000000 00:22 702919                     /usr/lib/jvm/java-24-openjdk/lib/libsimdsort.so
7228280be000-7228280f7000 r-xp 00001000 00:22 702919                     /usr/lib/jvm/java-24-openjdk/lib/libsimdsort.so
7228280f7000-7228280fd000 r--p 0003a000 00:22 702919                     /usr/lib/jvm/java-24-openjdk/lib/libsimdsort.so
7228280fd000-7228280fe000 r--p 0003f000 00:22 702919                     /usr/lib/jvm/java-24-openjdk/lib/libsimdsort.so
7228280fe000-7228280ff000 rw-p 00040000 00:22 702919                     /usr/lib/jvm/java-24-openjdk/lib/libsimdsort.so
7228280ff000-722828100000 ---p 00000000 00:00 0 
722828100000-722828104000 ---p 00000000 00:00 0 
722828104000-722828200000 rw-p 00000000 00:00 0 
722828200000-7228284ed000 r--p 00000000 00:22 398775                     /usr/lib/locale/locale-archive
7228284ee000-7228284f5000 r--s 00000000 00:22 398777                     /usr/lib/gconv/gconv-modules.cache
7228284f5000-7228284f6000 r--p 00000000 00:22 10119                      /usr/lib/libnss_mdns_minimal.so.2
7228284f6000-7228284f8000 r-xp 00001000 00:22 10119                      /usr/lib/libnss_mdns_minimal.so.2
7228284f8000-7228284f9000 r--p 00003000 00:22 10119                      /usr/lib/libnss_mdns_minimal.so.2
7228284f9000-7228284fa000 r--p 00003000 00:22 10119                      /usr/lib/libnss_mdns_minimal.so.2
7228284fa000-7228284fb000 rw-p 00004000 00:22 10119                      /usr/lib/libnss_mdns_minimal.so.2
7228284fb000-7228284fe000 r--p 00000000 00:22 411534                     /usr/lib/libcap.so.2.76
7228284fe000-722828503000 r-xp 00003000 00:22 411534                     /usr/lib/libcap.so.2.76
722828503000-722828505000 r--p 00008000 00:22 411534                     /usr/lib/libcap.so.2.76
722828505000-722828506000 r--p 00009000 00:22 411534                     /usr/lib/libcap.so.2.76
722828506000-722828507000 rw-p 0000a000 00:22 411534                     /usr/lib/libcap.so.2.76
722828507000-722828509000 r--p 00000000 00:22 702911                     /usr/lib/jvm/java-24-openjdk/lib/libmanagement_ext.so
722828509000-72282850c000 r-xp 00002000 00:22 702911                     /usr/lib/jvm/java-24-openjdk/lib/libmanagement_ext.so
72282850c000-72282850d000 r--p 00005000 00:22 702911                     /usr/lib/jvm/java-24-openjdk/lib/libmanagement_ext.so
72282850d000-72282850e000 r--p 00006000 00:22 702911                     /usr/lib/jvm/java-24-openjdk/lib/libmanagement_ext.so
72282850e000-72282850f000 rw-p 00007000 00:22 702911                     /usr/lib/jvm/java-24-openjdk/lib/libmanagement_ext.so
72282850f000-722828510000 ---p 00000000 00:00 0 
722828510000-722828514000 ---p 00000000 00:00 0 
722828514000-722828610000 rw-p 00000000 00:00 0 
722828610000-722828691000 rw-p 00000000 00:00 0 
722828691000-722828692000 ---p 00000000 00:00 0 
722828692000-722828792000 rw-p 00000000 00:00 0 
722828792000-722828793000 ---p 00000000 00:00 0 
722828793000-722828893000 rw-p 00000000 00:00 0 
722828893000-722828894000 ---p 00000000 00:00 0 
722828894000-722828994000 rw-p 00000000 00:00 0 
722828994000-722828995000 ---p 00000000 00:00 0 
722828995000-722828a95000 rw-p 00000000 00:00 0 
722828a95000-722828e99000 rw-p 00000000 00:00 0 
722828e99000-722828e9a000 ---p 00000000 00:00 0 
722828e9a000-722828f9a000 rw-p 00000000 00:00 0 
722828f9a000-722828f9b000 ---p 00000000 00:00 0 
722828f9b000-72282909b000 rw-p 00000000 00:00 0 
72282909b000-72282909c000 ---p 00000000 00:00 0 
72282909c000-72282919c000 rw-p 00000000 00:00 0 
72282919c000-7228291d9000 rw-p 00000000 00:00 0 
7228291d9000-722829560000 ---p 00000000 00:00 0 
722829560000-72282959e000 rw-p 00000000 00:00 0 
72282959e000-722829925000 ---p 00000000 00:00 0 
722829925000-722829d2f000 rw-p 00000000 00:00 0 
722829d2f000-722829e15000 ---p 00000000 00:00 0 
722829e15000-722829e22000 rw-p 00000000 00:00 0 
722829e22000-722829f00000 ---p 00000000 00:00 0 
722829f00000-722829f04000 ---p 00000000 00:00 0 
722829f04000-72282a000000 rw-p 00000000 00:00 0 
72282a000000-72282a097000 r--p 00000000 00:22 398817                     /usr/lib/libstdc++.so.6.0.34
72282a097000-72282a1ec000 r-xp 00097000 00:22 398817                     /usr/lib/libstdc++.so.6.0.34
72282a1ec000-72282a27e000 r--p 001ec000 00:22 398817                     /usr/lib/libstdc++.so.6.0.34
72282a27e000-72282a28f000 r--p 0027e000 00:22 398817                     /usr/lib/libstdc++.so.6.0.34
72282a28f000-72282a290000 rw-p 0028f000 00:22 398817                     /usr/lib/libstdc++.so.6.0.34
72282a290000-72282a294000 rw-p 00000000 00:00 0 
72282a299000-72282a29b000 r--p 00000000 00:22 702909                     /usr/lib/jvm/java-24-openjdk/lib/libmanagement.so
72282a29b000-72282a29c000 r-xp 00002000 00:22 702909                     /usr/lib/jvm/java-24-openjdk/lib/libmanagement.so
72282a29c000-72282a29d000 r--p 00003000 00:22 702909                     /usr/lib/jvm/java-24-openjdk/lib/libmanagement.so
72282a29d000-72282a29e000 r--p 00003000 00:22 702909                     /usr/lib/jvm/java-24-openjdk/lib/libmanagement.so
72282a29e000-72282a29f000 rw-p 00004000 00:22 702909                     /usr/lib/jvm/java-24-openjdk/lib/libmanagement.so
72282a29f000-72282a2a1000 r--p 00000000 00:22 702922                     /usr/lib/jvm/java-24-openjdk/lib/libverify.so
72282a2a1000-72282a2a8000 r-xp 00002000 00:22 702922                     /usr/lib/jvm/java-24-openjdk/lib/libverify.so
72282a2a8000-72282a2aa000 r--p 00009000 00:22 702922                     /usr/lib/jvm/java-24-openjdk/lib/libverify.so
72282a2aa000-72282a2ac000 r--p 0000a000 00:22 702922                     /usr/lib/jvm/java-24-openjdk/lib/libverify.so
72282a2ac000-72282a2ad000 rw-p 0000c000 00:22 702922                     /usr/lib/jvm/java-24-openjdk/lib/libverify.so
72282a2ad000-72282a308000 rw-p 00000000 00:00 0 
72282a308000-72282a317000 r--p 00000000 00:22 398064                     /usr/lib/libm.so.6
72282a317000-72282a39d000 r-xp 0000f000 00:22 398064                     /usr/lib/libm.so.6
72282a39d000-72282a3fe000 r--p 00095000 00:22 398064                     /usr/lib/libm.so.6
72282a3fe000-72282a3ff000 r--p 000f6000 00:22 398064                     /usr/lib/libm.so.6
72282a3ff000-72282a400000 rw-p 000f7000 00:22 398064                     /usr/lib/libm.so.6
72282a400000-72282a40e000 r--p 00000000 00:22 702937                     /usr/lib/jvm/java-24-openjdk/lib/server/libjvm.so
72282a40e000-72282b1dc000 r-xp 0000e000 00:22 702937                     /usr/lib/jvm/java-24-openjdk/lib/server/libjvm.so
72282b1dc000-72282b3e4000 r--p 00ddc000 00:22 702937                     /usr/lib/jvm/java-24-openjdk/lib/server/libjvm.so
72282b3e4000-72282b4b9000 r--p 00fe4000 00:22 702937                     /usr/lib/jvm/java-24-openjdk/lib/server/libjvm.so
72282b4b9000-72282b4e3000 rw-p 010b9000 00:22 702937                     /usr/lib/jvm/java-24-openjdk/lib/server/libjvm.so
72282b4e3000-72282b55c000 rw-p 00000000 00:00 0 
72282b560000-72282b563000 r--p 00000000 00:22 702913                     /usr/lib/jvm/java-24-openjdk/lib/libnet.so
72282b563000-72282b56a000 r-xp 00003000 00:22 702913                     /usr/lib/jvm/java-24-openjdk/lib/libnet.so
72282b56a000-72282b56c000 r--p 0000a000 00:22 702913                     /usr/lib/jvm/java-24-openjdk/lib/libnet.so
72282b56c000-72282b56d000 r--p 0000b000 00:22 702913                     /usr/lib/jvm/java-24-openjdk/lib/libnet.so
72282b56d000-72282b56e000 rw-p 0000c000 00:22 702913                     /usr/lib/jvm/java-24-openjdk/lib/libnet.so
72282b56e000-72282b575000 r--p 00000000 00:22 702914                     /usr/lib/jvm/java-24-openjdk/lib/libnio.so
72282b575000-72282b57e000 r-xp 00007000 00:22 702914                     /usr/lib/jvm/java-24-openjdk/lib/libnio.so
72282b57e000-72282b583000 r--p 00010000 00:22 702914                     /usr/lib/jvm/java-24-openjdk/lib/libnio.so
72282b583000-72282b584000 r--p 00014000 00:22 702914                     /usr/lib/jvm/java-24-openjdk/lib/libnio.so
72282b584000-72282b585000 rw-p 00015000 00:22 702914                     /usr/lib/jvm/java-24-openjdk/lib/libnio.so
72282b585000-72282b607000 rw-p 00000000 00:00 0 
72282b607000-72282b60b000 r--p 00000000 00:22 398787                     /usr/lib/libgcc_s.so.1
72282b60b000-72282b62e000 r-xp 00004000 00:22 398787                     /usr/lib/libgcc_s.so.1
72282b62e000-72282b632000 r--p 00027000 00:22 398787                     /usr/lib/libgcc_s.so.1
72282b632000-72282b633000 r--p 0002a000 00:22 398787                     /usr/lib/libgcc_s.so.1
72282b633000-72282b634000 rw-p 0002b000 00:22 398787                     /usr/lib/libgcc_s.so.1
72282b634000-72282b637000 rw-p 00000000 00:00 0 
72282b637000-72282b63a000 r--p 00000000 00:22 10273                      /usr/lib/libz.so.1.3.1
72282b63a000-72282b648000 r-xp 00003000 00:22 10273                      /usr/lib/libz.so.1.3.1
72282b648000-72282b64e000 r--p 00011000 00:22 10273                      /usr/lib/libz.so.1.3.1
72282b64e000-72282b64f000 r--p 00017000 00:22 10273                      /usr/lib/libz.so.1.3.1
72282b64f000-72282b650000 rw-p 00018000 00:22 10273                      /usr/lib/libz.so.1.3.1
72282b650000-72282b674000 r--p 00000000 00:22 398054                     /usr/lib/libc.so.6
72282b674000-72282b7e4000 r-xp 00024000 00:22 398054                     /usr/lib/libc.so.6
72282b7e4000-72282b832000 r--p 00194000 00:22 398054                     /usr/lib/libc.so.6
72282b832000-72282b836000 r--p 001e1000 00:22 398054                     /usr/lib/libc.so.6
72282b836000-72282b838000 rw-p 001e5000 00:22 398054                     /usr/lib/libc.so.6
72282b838000-72282b840000 rw-p 00000000 00:00 0 
72282b840000-72282b842000 r--p 00000000 00:22 702923                     /usr/lib/jvm/java-24-openjdk/lib/libzip.so
72282b842000-72282b846000 r-xp 00002000 00:22 702923                     /usr/lib/jvm/java-24-openjdk/lib/libzip.so
72282b846000-72282b848000 r--p 00006000 00:22 702923                     /usr/lib/jvm/java-24-openjdk/lib/libzip.so
72282b848000-72282b849000 r--p 00007000 00:22 702923                     /usr/lib/jvm/java-24-openjdk/lib/libzip.so
72282b849000-72282b84a000 rw-p 00008000 00:22 702923                     /usr/lib/jvm/java-24-openjdk/lib/libzip.so
72282b84a000-72282b84f000 rw-p 00000000 00:00 0 
72282b84f000-72282b856000 ---p 00000000 00:00 0 
72282b856000-72282b860000 r--p 00000000 00:22 702899                     /usr/lib/jvm/java-24-openjdk/lib/libjava.so
72282b860000-72282b86d000 r-xp 0000a000 00:22 702899                     /usr/lib/jvm/java-24-openjdk/lib/libjava.so
72282b86d000-72282b872000 r--p 00017000 00:22 702899                     /usr/lib/jvm/java-24-openjdk/lib/libjava.so
72282b872000-72282b873000 r--p 0001b000 00:22 702899                     /usr/lib/jvm/java-24-openjdk/lib/libjava.so
72282b873000-72282b874000 rw-p 0001c000 00:22 702899                     /usr/lib/jvm/java-24-openjdk/lib/libjava.so
72282b874000-72282b875000 rw-p 00000000 00:00 0 
72282b875000-72282b87d000 rw-s 00000000 00:33 265                        /tmp/hsperfdata_thegodkiller/19021
72282b87d000-72282b87e000 ---p 00000000 00:00 0 
72282b87e000-72282b87f000 r--p 00000000 00:00 0 
72282b87f000-72282b880000 ---p 00000000 00:00 0 
72282b880000-72282b881000 r--p 00000000 00:22 702903                     /usr/lib/jvm/java-24-openjdk/lib/libjimage.so
72282b881000-72282b883000 r-xp 00001000 00:22 702903                     /usr/lib/jvm/java-24-openjdk/lib/libjimage.so
72282b883000-72282b884000 r--p 00003000 00:22 702903                     /usr/lib/jvm/java-24-openjdk/lib/libjimage.so
72282b884000-72282b885000 r--p 00003000 00:22 702903                     /usr/lib/jvm/java-24-openjdk/lib/libjimage.so
72282b885000-72282b886000 rw-p 00004000 00:22 702903                     /usr/lib/jvm/java-24-openjdk/lib/libjimage.so
72282b886000-72282b888000 r--p 00000000 00:22 702904                     /usr/lib/jvm/java-24-openjdk/lib/libjli.so
72282b888000-72282b892000 r-xp 00002000 00:22 702904                     /usr/lib/jvm/java-24-openjdk/lib/libjli.so
72282b892000-72282b895000 r--p 0000c000 00:22 702904                     /usr/lib/jvm/java-24-openjdk/lib/libjli.so
72282b895000-72282b896000 r--p 0000e000 00:22 702904                     /usr/lib/jvm/java-24-openjdk/lib/libjli.so
72282b896000-72282b897000 rw-p 0000f000 00:22 702904                     /usr/lib/jvm/java-24-openjdk/lib/libjli.so
72282b897000-72282b899000 rw-p 00000000 00:00 0 
72282b899000-72282b89b000 r--p 00000000 00:00 0                          [vvar]
72282b89b000-72282b89d000 r--p 00000000 00:00 0                          [vvar_vclock]
72282b89d000-72282b89f000 r-xp 00000000 00:00 0                          [vdso]
72282b89f000-72282b8a0000 r--p 00000000 00:22 398045                     /usr/lib/ld-linux-x86-64.so.2
72282b8a0000-72282b8c9000 r-xp 00001000 00:22 398045                     /usr/lib/ld-linux-x86-64.so.2
72282b8c9000-72282b8d4000 r--p 0002a000 00:22 398045                     /usr/lib/ld-linux-x86-64.so.2
72282b8d4000-72282b8d6000 r--p 00034000 00:22 398045                     /usr/lib/ld-linux-x86-64.so.2
72282b8d6000-72282b8d7000 rw-p 00036000 00:22 398045                     /usr/lib/ld-linux-x86-64.so.2
72282b8d7000-72282b8d8000 rw-p 00000000 00:00 0 
7fff77f6d000-7fff77f8e000 rw-p 00000000 00:00 0                          [stack]
ffffffffff600000-ffffffffff601000 --xp 00000000 00:00 0                  [vsyscall]
Total number of mappings: 311

JVMTI agents: none



[error occurred during error reporting (printing VM options), id 0x7, SIGBUS (0x7) at pc=0x000072282a5d6670]
[Global flags]

[error occurred during error reporting (printing flags), id 0x7, SIGBUS (0x7) at pc=0x000072282a62e010]
Logging:
Log output configuration:
 #0: stdout all=warning uptime,level,tags foldmultilines=false
 #1: stderr all=off uptime,level,tags foldmultilines=false

Environment Variables:
PATH=/usr/local/sbin:/usr/local/bin:/usr/bin:/usr/lib/jvm/default/bin:/usr/bin/site_perl:/usr/bin/vendor_perl:/usr/bin/core_perl
SHELL=/bin/bash
DISPLAY=:1
LANG=en_IN
LC_NUMERIC=en_IN
LC_TIME=en_IN
TERM=xterm

Active Locale:
LC_ALL=en_IN
LC_COLLATE=en_IN
LC_CTYPE=en_IN
LC_MESSAGES=en_IN
LC_MONETARY=en_IN
LC_NUMERIC=en_IN
LC_TIME=en_IN

Signal Handlers:
   SIGSEGV: 0x000072282af4c630 in libjvm.so+11847216, mask=11100100010111111101111111111110, flags=SA_RESTART|SA_SIGINFO, unblocked
    SIGBUS: 0x000072282af4c630 in libjvm.so+11847216, mask=11100100010111111101111111111110, flags=SA_RESTART|SA_SIGINFO, unblocked
    SIGFPE: 0x000072282af4c630 in libjvm.so+11847216, mask=11100100010111111101111111111110, flags=SA_RESTART|SA_SIGINFO, unblocked
   SIGPIPE: 0x000072282ae2f990 in libjvm.so+10680720, mask=11100100010111111101111111111110, flags=SA_RESTART|SA_SIGINFO, blocked
   SIGXFSZ: 0x000072282ae2f990 in libjvm.so+10680720, mask=11100100010111111101111111111110, flags=SA_RESTART|SA_SIGINFO, blocked
    SIGILL: 0x000072282af4c630 in libjvm.so+11847216, mask=11100100010111111101111111111110, flags=SA_RESTART|SA_SIGINFO, unblocked
   SIGUSR2: 0x000072282ae30ad0 in libjvm.so+10685136, mask=00000000000000000000000000000000, flags=SA_RESTART|SA_SIGINFO, blocked
    SIGHUP: 0x000072282ae206e0 in libjvm.so+10618592, mask=11100100010111111101111111111110, flags=SA_RESTART|SA_SIGINFO, blocked
    SIGINT: 0x000072282ae206e0 in libjvm.so+10618592, mask=11100100010111111101111111111110, flags=SA_RESTART|SA_SIGINFO, blocked
   SIGTERM: 0x000072282ae206e0 in libjvm.so+10618592, mask=11100100010111111101111111111110, flags=SA_RESTART|SA_SIGINFO, blocked
   SIGQUIT: 0x000072282ae206e0 in libjvm.so+10618592, mask=11100100010111111101111111111110, flags=SA_RESTART|SA_SIGINFO, blocked
   SIGTRAP: 0x000072282af4c630 in libjvm.so+11847216, mask=11100100010111111101111111111110, flags=SA_RESTART|SA_SIGINFO, unblocked


Periodic native trim disabled

---------------  S Y S T E M  ---------------

OS:
DISTRIB_ID=Garuda
DISTRIB_RELEASE=Soaring
DISTRIB_DESCRIPTION="Garuda Linux Broadwing"
DISTRIB_CODENAME="Broadwing"
uname: Linux 6.14.6-zen1-1-zen #1 ZEN SMP PREEMPT_DYNAMIC Fri, 09 May 2025 17:35:59 +0000 x86_64
OS uptime: 0 days 1:26 hours
libc: glibc 2.41 NPTL 2.41 
rlimit (soft/hard): STACK 8192k/infinity , CORE infinity/infinity , NPROC 1048576/1048576 , NOFILE 1048576/1048576 , AS infinity/infinity , CPU infinity/infinity , DATA infinity/infinity , FSIZE infinity/infinity , MEMLOCK infinity/infinity
load average: 1.78 0.46 0.94

/proc/meminfo:
MemTotal:        7903340 kB
MemFree:         4405152 kB
MemAvailable:    5953020 kB
Buffers:           15516 kB
Cached:          1822960 kB
SwapCached:         2532 kB
Active:          1440012 kB
Inactive:        1164840 kB
Active(anon):     815924 kB
Inactive(anon):    83948 kB
Active(file):     624088 kB
Inactive(file):  1080892 kB
Unevictable:       96292 kB
Mlocked:             112 kB
SwapTotal:      17130692 kB
SwapFree:       16590140 kB
Zswap:                 0 kB
Zswapped:              0 kB
Dirty:              1560 kB
Writeback:             0 kB
AnonPages:        843832 kB
Mapped:           405148 kB
Shmem:            133988 kB
KReclaimable:     141764 kB
Slab:             280496 kB
SReclaimable:     141764 kB
SUnreclaim:       138732 kB
KernelStack:        7084 kB
PageTables:        34332 kB
SecPageTables:      2056 kB
NFS_Unstable:          0 kB
Bounce:                0 kB
WritebackTmp:          0 kB
CommitLimit:    21082360 kB
Committed_AS:   10814896 kB
VmallocTotal:   34359738367 kB
VmallocUsed:      101484 kB
VmallocChunk:          0 kB
Percpu:             2896 kB
HardwareCorrupted:     0 kB
AnonHugePages:     28672 kB
ShmemHugePages:        0 kB
ShmemPmdMapped:        0 kB
FileHugePages:    102400 kB
FilePmdMapped:     43008 kB
CmaTotal:              0 kB
CmaFree:               0 kB
Unaccepted:            0 kB
HugePages_Total:       0
HugePages_Free:        0
HugePages_Rsvd:        0
HugePages_Surp:        0
Hugepagesize:       2048 kB
Hugetlb:               0 kB
DirectMap4k:      225464 kB
DirectMap2M:     3745792 kB
DirectMap1G:     4194304 kB

/sys/kernel/mm/transparent_hugepage/enabled: [always] madvise never
/sys/kernel/mm/transparent_hugepage/hpage_pmd_size: 2097152
/sys/kernel/mm/transparent_hugepage/shmem_enabled: always within_size advise [never] deny force
/sys/kernel/mm/transparent_hugepage/defrag (defrag/compaction efforts parameter): always defer [defer+madvise] madvise never

Process Memory:
Virtual Size: 5538632K (peak: 5559952K)
Resident Set Size: 41456K (peak: 219280K) (anon: 25544K, file: 15880K, shmem: 32K)
Swapped out: 168528K
C-Heap outstanding allocations: 24776K, retained: 36607K
glibc malloc tunables: (default)

/proc/sys/kernel/threads-max (system-wide limit on the number of threads): 61060
/proc/sys/vm/max_map_count (maximum number of memory map areas a process may have): 1048576
/proc/sys/vm/swappiness (control to define how aggressively the kernel swaps out anonymous memory): 133
/proc/sys/kernel/pid_max (system-wide limit on number of process identifiers): 4194304

container information not found.
Steal ticks since vm start: 0
Steal ticks percentage since vm start:  0.000

CPU: total 4 (initial active 4) (2 cores per cpu, 2 threads per core) family 6 model 126 stepping 5 microcode 0xca, cx8, cmov, fxsr, ht, mmx, 3dnowpref, sse, sse2, sse3, ssse3, sse4.1, sse4.2, popcnt, lzcnt, tsc, tscinvbit, avx, avx2, aes, erms, clmul, bmi1, bmi2, adx, avx512f, avx512dq, avx512cd, avx512bw, avx512vl, sha, fma, vzeroupper, avx512_vpopcntdq, avx512_vpclmulqdq, avx512_vaes, avx512_vnni, clflush, clflushopt, avx512_vbmi2, avx512_vbmi, rdtscp, rdpid, fsrm, gfni, avx512_bitalg, f16c, pku, ospke, avx512_ifma
CPU Model and flags from /proc/cpuinfo:
model name	: Intel(R) Core(TM) i3-1005G1 CPU @ 1.20GHz
flags		: fpu vme de pse tsc msr pae mce cx8 apic sep mtrr pge mca cmov pat pse36 clflush dts acpi mmx fxsr sse sse2 ss ht tm pbe syscall nx pdpe1gb rdtscp lm constant_tsc art arch_perfmon pebs bts rep_good nopl xtopology nonstop_tsc cpuid aperfmperf tsc_known_freq pni pclmulqdq dtes64 monitor ds_cpl vmx est tm2 ssse3 sdbg fma cx16 xtpr pdcm pcid sse4_1 sse4_2 x2apic movbe popcnt tsc_deadline_timer aes xsave avx f16c rdrand lahf_lm abm 3dnowprefetch cpuid_fault epb ssbd ibrs ibpb stibp ibrs_enhanced tpr_shadow flexpriority ept vpid ept_ad fsgsbase tsc_adjust bmi1 avx2 smep bmi2 erms invpcid avx512f avx512dq rdseed adx smap avx512ifma clflushopt intel_pt avx512cd sha_ni avx512bw avx512vl xsaveopt xsavec xgetbv1 xsaves split_lock_detect dtherm ida arat pln pts hwp hwp_notify hwp_act_window hwp_epp hwp_pkg_req vnmi avx512vbmi umip pku ospke avx512_vbmi2 gfni vaes vpclmulqdq avx512_vnni avx512_bitalg avx512_vpopcntdq rdpid fsrm md_clear flush_l1d arch_capabilities

Online cpus: 0-3
Offline cpus: 
BIOS frequency limitation: <Not Available>
Frequency switch latency (ns): 0
Available cpu frequencies: <Not Available>
Current governor: powersave
Core performance/turbo boost: <Not Available>

Memory: 4k page, physical 7903340k(5953020k free), swap 17130692k(16590936k free)
Page Sizes: 4k

vm_info: OpenJDK 64-Bit Server VM (24.0.1) for linux-amd64 JRE (24.0.1), built on 2025-04-15T20:19:54Z with gcc 14.2.1 20250207

END.
